<?xml version="1.0" encoding="UTF-8"?>
<!-- Generated by org.testng.reporters.JUnitXMLReporter -->
<testsuite ignored="0" hostname="DESKTOP-6BAEOA2" failures="0" tests="4" name="Test" time="0.356" errors="0" timestamp="2022-01-09T13:53:41 IST">
  <testcase classname="TestNGListenerConcept.ScreenshotTest" name="@BeforeMethod setUp" time="0.123">
    <failure type="java.lang.IllegalStateException" message="The driver executable must exist: C:\Users\Aaradhya\eclipse-workspace\FreeCRMTest\Drivers\chromedriver.exe">
      <![CDATA[java.lang.IllegalStateException: The driver executable must exist: C:\Users\Aaradhya\eclipse-workspace\FreeCRMTest\Drivers\chromedriver.exe
at org.openqa.selenium.internal.Require$FileStateChecker.isFile(Require.java:315)
at org.openqa.selenium.remote.service.DriverService.checkExecutable(DriverService.java:144)
at org.openqa.selenium.remote.service.DriverService.findExecutable(DriverService.java:139)
at org.openqa.selenium.chrome.ChromeDriverService.access$000(ChromeDriverService.java:38)
at org.openqa.selenium.chrome.ChromeDriverService$Builder.findDefaultExecutable(ChromeDriverService.java:231)
at org.openqa.selenium.remote.service.DriverService$Builder.build(DriverService.java:434)
at org.openqa.selenium.chrome.ChromeDriverService.createDefaultService(ChromeDriverService.java:127)
at org.openqa.selenium.chrome.ChromeDriver.<init>(ChromeDriver.java:46)
at TestNGListenerConcept.Base.initialization(Base.java:24)
at TestNGListenerConcept.ScreenshotTest.setUp(ScreenshotTest.java:17)
at java.base/java.util.ArrayList.forEach(ArrayList.java:1511)
... Removed 31 stack frames]]>
    </failure>
  </testcase> <!-- @BeforeMethod setUp -->
  <testcase classname="TestNGListenerConcept.ScreenshotTest" name="@AfterMethod tearDown" time="-1.641716620838E9">
    <skipped/>
  </testcase> <!-- @AfterMethod tearDown -->
  <testcase classname="TestNGListenerConcept.ScreenshotTest" name="@BeforeMethod setUp" time="-1.641716620844E9">
    <skipped/>
  </testcase> <!-- @BeforeMethod setUp -->
  <testcase classname="TestNGListenerConcept.ScreenshotTest" name="@AfterMethod tearDown" time="-1.641716620863E9">
    <skipped/>
  </testcase> <!-- @AfterMethod tearDown -->
  <testcase classname="TestNGListenerConcept.ScreenshotTest" name="@BeforeMethod setUp" time="-1.641716620867E9">
    <skipped/>
  </testcase> <!-- @BeforeMethod setUp -->
  <testcase classname="TestNGListenerConcept.ScreenshotTest" name="@AfterMethod tearDown" time="-1.641716620886E9">
    <skipped/>
  </testcase> <!-- @AfterMethod tearDown -->
  <testcase classname="TestNGListenerConcept.ScreenshotTest" name="@BeforeMethod setUp" time="-1.641716620889E9">
    <skipped/>
  </testcase> <!-- @BeforeMethod setUp -->
  <testcase classname="TestNGListenerConcept.ScreenshotTest" name="@AfterMethod tearDown" time="-1.641716620914E9">
    <skipped/>
  </testcase> <!-- @AfterMethod tearDown -->
  <testcase classname="TestNGListenerConcept.ScreenshotTest" name="HomePageTest" time="0.0">
    <skipped/>
  </testcase> <!-- HomePageTest -->
  <testcase classname="TestNGListenerConcept.ScreenshotTest" name="createContactsTest" time="0.0">
    <skipped/>
  </testcase> <!-- createContactsTest -->
  <testcase classname="TestNGListenerConcept.ScreenshotTest" name="loginTest" time="0.0">
    <skipped/>
  </testcase> <!-- loginTest -->
  <testcase classname="TestNGListenerConcept.ScreenshotTest" name="searchTest" time="0.0">
    <skipped/>
  </testcase> <!-- searchTest -->
</testsuite> <!-- Test -->
